<?xml version="1.0" encoding="UTF-8"?>
<!-- Generated by org.testng.reporters.JUnitReportReporter -->
<testsuite hostname="Vasudha" failures="0" tests="3" name="com.ninjaproj.qa.testcases.Search" time="44.521" errors="0" timestamp="2024-06-19T15:41:21 IST" skipped="0">
  <testcase classname="com.ninjaproj.qa.testcases.Search" name="verifySearchWithValidProduct" time="17.831"/>
  <system-out/>
  <testcase classname="com.ninjaproj.qa.testcases.Search" name="verifySearchWithInvalidProduct" time="7.822"/>
  <system-out/>
  <testcase classname="com.ninjaproj.qa.testcases.Search" name="verifySearchWithoutAnyProduct" time="18.868"/>
  <system-out/>
</testsuite> <!-- com.ninjaproj.qa.testcases.Search -->
