<?xml version="1.0" encoding="UTF-8"?>
<!-- Generated by org.testng.reporters.JUnitReportReporter -->
<testsuite hostname="Vasudha" failures="0" tests="5" name="com.ninjaproj.qa.testcases.Login" time="63.771" errors="0" timestamp="2024-06-19T15:41:21 IST" skipped="1">
  <testcase classname="com.ninjaproj.qa.testcases.Login" name="verifyLoginWithValidCreditials" time="18.214">
    <skipped/>
  </testcase> <!-- verifyLoginWithValidCreditials -->
  <system-out/>
  <testcase classname="com.ninjaproj.qa.testcases.Login" name="verifyLoginWithInvalidCredintials" time="13.972"/>
  <system-out/>
  <testcase classname="com.ninjaproj.qa.testcases.Login" name="verifyLoginWithInvalidEmailandValidPwd" time="12.865"/>
  <system-out/>
  <testcase classname="com.ninjaproj.qa.testcases.Login" name="verifyLoginWithValidEmailandInvalidPwd" time="17.339"/>
  <system-out/>
  <testcase classname="com.ninjaproj.qa.testcases.Login" name="verifyLoginWithoutCredentials" time="1.381"/>
  <system-out/>
</testsuite> <!-- com.ninjaproj.qa.testcases.Login -->
