<?xml version="1.0" encoding="UTF-8"?>
<!-- Generated by org.testng.reporters.JUnitReportReporter -->
<testsuite hostname="Vasudha" failures="0" tests="4" name="com.ninjaproj.qa.testcases.Register" time="79.505" errors="0" timestamp="2024-06-19T15:41:21 IST" skipped="0">
  <testcase classname="com.ninjaproj.qa.testcases.Register" name="verifyRegAccountWithMandatoryField" time="33.858"/>
  <system-out/>
  <testcase classname="com.ninjaproj.qa.testcases.Register" name="verifyRegAccByProvidingAllDetails" time="14.314"/>
  <system-out/>
  <testcase classname="com.ninjaproj.qa.testcases.Register" name="verifyRegAccountWithExistingEmailAdd" time="15.038"/>
  <system-out/>
  <testcase classname="com.ninjaproj.qa.testcases.Register" name="verifyRegisterAccountWithoutFillingDetails" time="16.295"/>
  <system-out/>
</testsuite> <!-- com.ninjaproj.qa.testcases.Register -->
